app/build/intermediates/manifest_merge_blame_file/debug/manifest-merger-blame-debug-report.txt
1<?xml version="1.0" encoding="utf-8"?>
2<manifest xmlns:android="http://schemas.android.com/apk/res/android"
3    package="com.pusair.smopi"
4    android:versionCode="1"
5    android:versionName="1.0" >
6
7    <uses-sdk
8        android:minSdkVersion="21"
8-->src\main\AndroidManifest.xml
9        android:targetSdkVersion="29" />
9-->src\main\AndroidManifest.xml
10    <!-- To auto-complete the email text field in the login form with the user's emails -->
11    <uses-permission android:name="android.permission.ACCESS_COARSE_LOCATION" />
11-->src\main\AndroidManifest.xml:6:5-81
11-->src\main\AndroidManifest.xml:6:22-78
12
13    <uses-feature android:name="android.hardware.camera.autofocus" /> <!-- Internet Permission -->
13-->src\main\AndroidManifest.xml:30:5-70
13-->src\main\AndroidManifest.xml:30:19-67
14    <uses-feature android:name="android.hardware.camera" />
14-->src\main\AndroidManifest.xml:31:5-60
14-->src\main\AndroidManifest.xml:31:19-57
15
16    <uses-permission android:name="android.permission.CAMERA" />
16-->src\main\AndroidManifest.xml:33:5-65
16-->src\main\AndroidManifest.xml:33:22-62
17    <uses-permission android:name="android.permission.WRITE_EXTERNAL_STORAGE" />
17-->src\main\AndroidManifest.xml:34:5-81
17-->src\main\AndroidManifest.xml:34:22-78
18    <uses-permission android:name="android.permission.INTERNET" />
18-->src\main\AndroidManifest.xml:36:5-67
18-->src\main\AndroidManifest.xml:36:22-64
19
20    <!-- Include required permissions for Google Maps API to run. -->
21    <uses-permission android:name="android.permission.ACCESS_NETWORK_STATE" />
21-->[com.google.android.gms:play-services-maps:17.0.0] AndroidManifest.xml:23:5-79
21-->[com.google.android.gms:play-services-maps:17.0.0] AndroidManifest.xml:23:22-76
22
23    <uses-feature
23-->[com.google.android.gms:play-services-maps:17.0.0] AndroidManifest.xml:26:5-28:35
24        android:glEsVersion="0x00020000"
24-->[com.google.android.gms:play-services-maps:17.0.0] AndroidManifest.xml:27:9-41
25        android:required="true" />
25-->[com.google.android.gms:play-services-maps:17.0.0] AndroidManifest.xml:28:9-32
26
27    <application
27-->src\main\AndroidManifest.xml:7:5-29:19
28        android:name="com.pusair.smopi.SmopiApp"
28-->src\main\AndroidManifest.xml:8:9-33
29        android:allowBackup="true"
29-->src\main\AndroidManifest.xml:9:9-35
30        android:appComponentFactory="androidx.core.app.CoreComponentFactory"
30-->[androidx.core:core:1.0.1] AndroidManifest.xml:22:18-86
31        android:debuggable="true"
32        android:icon="@drawable/logo_pu_1"
32-->src\main\AndroidManifest.xml:10:9-43
33        android:label="@string/app_name"
33-->src\main\AndroidManifest.xml:11:9-41
34        android:roundIcon="@drawable/logo_pu_1"
34-->src\main\AndroidManifest.xml:12:9-48
35        android:supportsRtl="true"
35-->src\main\AndroidManifest.xml:13:9-35
36        android:theme="@style/AppTheme"
36-->src\main\AndroidManifest.xml:14:9-40
37        android:usesCleartextTraffic="true" >
37-->src\main\AndroidManifest.xml:15:9-44
38        <activity android:name="com.pusair.smopi.Utils.MapsActivity" />
38-->src\main\AndroidManifest.xml:17:9-65
38-->src\main\AndroidManifest.xml:17:19-53
39        <activity android:name="com.pusair.smopi.Presentation.Login.LoginActivity" >
39-->src\main\AndroidManifest.xml:18:9-25:20
39-->src\main\AndroidManifest.xml:18:19-67
40            <intent-filter>
40-->src\main\AndroidManifest.xml:19:13-24:29
41                <action android:name="android.intent.action.MAIN" />
41-->src\main\AndroidManifest.xml:20:17-69
41-->src\main\AndroidManifest.xml:20:25-66
42                <action android:name="android.intent.action.VIEW" />
42-->src\main\AndroidManifest.xml:21:17-69
42-->src\main\AndroidManifest.xml:21:25-66
43
44                <category android:name="android.intent.category.LAUNCHER" />
44-->src\main\AndroidManifest.xml:23:17-77
44-->src\main\AndroidManifest.xml:23:27-74
45            </intent-filter>
46        </activity>
47        <activity
47-->src\main\AndroidManifest.xml:26:9-28:64
48            android:name="com.pusair.smopi.Presentation.Home.HomeActivity"
48-->src\main\AndroidManifest.xml:27:13-59
49            android:windowSoftInputMode="adjustPan" />
49-->src\main\AndroidManifest.xml:28:13-52
50        <activity
50-->[com.karumi:dexter:6.2.2] AndroidManifest.xml:27:9-29:72
51            android:name="com.karumi.dexter.DexterActivity"
51-->[com.karumi:dexter:6.2.2] AndroidManifest.xml:28:13-60
52            android:theme="@style/Dexter.Internal.Theme.Transparent" />
52-->[com.karumi:dexter:6.2.2] AndroidManifest.xml:29:13-69
53        <activity
53-->[gun0912.ted:tedpermission:1.0.0] AndroidManifest.xml:10:9-12:56
54            android:name="com.gun0912.tedpermission.TedPermissionActivity"
54-->[gun0912.ted:tedpermission:1.0.0] AndroidManifest.xml:11:13-75
55            android:theme="@style/Theme.Transparent" /> <!-- Needs to be explicitly declared on P+ -->
55-->[gun0912.ted:tedpermission:1.0.0] AndroidManifest.xml:12:13-53
56        <uses-library
56-->[com.google.android.gms:play-services-maps:17.0.0] AndroidManifest.xml:33:9-35:40
57            android:name="org.apache.http.legacy"
57-->[com.google.android.gms:play-services-maps:17.0.0] AndroidManifest.xml:34:13-50
58            android:required="false" />
58-->[com.google.android.gms:play-services-maps:17.0.0] AndroidManifest.xml:35:13-37
59
60        <activity
60-->[com.google.android.gms:play-services-base:17.0.0] AndroidManifest.xml:23:9-26:75
61            android:name="com.google.android.gms.common.api.GoogleApiActivity"
61-->[com.google.android.gms:play-services-base:17.0.0] AndroidManifest.xml:24:13-79
62            android:exported="false"
62-->[com.google.android.gms:play-services-base:17.0.0] AndroidManifest.xml:25:13-37
63            android:theme="@android:style/Theme.Translucent.NoTitleBar" />
63-->[com.google.android.gms:play-services-base:17.0.0] AndroidManifest.xml:26:13-72
64
65        <meta-data
65-->[com.google.android.gms:play-services-basement:17.0.0] AndroidManifest.xml:23:9-25:69
66            android:name="com.google.android.gms.version"
66-->[com.google.android.gms:play-services-basement:17.0.0] AndroidManifest.xml:24:13-58
67            android:value="@integer/google_play_services_version" />
67-->[com.google.android.gms:play-services-basement:17.0.0] AndroidManifest.xml:25:13-66
68    </application>
69
70</manifest>